<?xml version="1.0" encoding="UTF-8"?>
<!-- Generated by org.testng.reporters.JUnitReportReporter -->
<testsuite hostname="AKA" failures="0" tests="4" name="api.test.UserTests" time="3.293" errors="0" timestamp="2023-05-24T17:01:58 CDT" skipped="0">
  <testcase classname="api.test.UserTests" name="testPostUser" time="2.216"/>
  <system-out/>
  <testcase classname="api.test.UserTests" name="testGetUserByName" time="0.289"/>
  <system-out/>
  <testcase classname="api.test.UserTests" name="testUpdateUserByName" time="0.530"/>
  <system-out/>
  <testcase classname="api.test.UserTests" name="testDeleteUserByName" time="0.258"/>
  <system-out/>
</testsuite> <!-- api.test.UserTests -->
