<?xml version="1.0" encoding="UTF-8"?>
<!-- Generated by org.testng.reporters.JUnitReportReporter -->
<testsuite hostname="AKA" failures="0" tests="6" name="api.test.DDtests" time="1.581" errors="0" timestamp="2023-05-24T17:01:58 CDT" skipped="0">
  <testcase classname="api.test.DDtests" name="testPostUser" time="0.261"/>
  <system-out/>
  <testcase classname="api.test.DDtests" name="testPostUser" time="0.274"/>
  <system-out/>
  <testcase classname="api.test.DDtests" name="testPostUser" time="0.256"/>
  <system-out/>
  <testcase classname="api.test.DDtests" name="testDeleteUser" time="0.261"/>
  <system-out/>
  <testcase classname="api.test.DDtests" name="testDeleteUser" time="0.266"/>
  <system-out/>
  <testcase classname="api.test.DDtests" name="testDeleteUser" time="0.263"/>
  <system-out/>
</testsuite> <!-- api.test.DDtests -->
