<?xml version="1.0" encoding="UTF-8"?>
<!-- Generated by org.testng.reporters.JUnitReportReporter -->
<testsuite hostname="AKA" failures="0" tests="4" name="api.test.UserTests" time="3.515" errors="0" timestamp="2023-05-25T15:10:41 CDT" skipped="0">
  <testcase classname="api.test.UserTests" name="testPostUser" time="2.441"/>
  <system-out/>
  <testcase classname="api.test.UserTests" name="testGetUserByName" time="0.299"/>
  <system-out/>
  <testcase classname="api.test.UserTests" name="testUpdateUserByName" time="0.521"/>
  <system-out/>
  <testcase classname="api.test.UserTests" name="testDeleteUserByName" time="0.254"/>
  <system-out/>
</testsuite> <!-- api.test.UserTests -->
