<?xml version="1.0" encoding="UTF-8"?>
<!-- Generated by org.testng.reporters.JUnitReportReporter -->
<testsuite hostname="AKA" failures="0" tests="6" name="api.test.DDtests" time="1.622" errors="0" timestamp="2023-05-25T15:10:41 CDT" skipped="0">
  <testcase classname="api.test.DDtests" name="testPostUser" time="0.285"/>
  <system-out/>
  <testcase classname="api.test.DDtests" name="testPostUser" time="0.255"/>
  <system-out/>
  <testcase classname="api.test.DDtests" name="testPostUser" time="0.263"/>
  <system-out/>
  <testcase classname="api.test.DDtests" name="testDeleteUser" time="0.268"/>
  <system-out/>
  <testcase classname="api.test.DDtests" name="testDeleteUser" time="0.284"/>
  <system-out/>
  <testcase classname="api.test.DDtests" name="testDeleteUser" time="0.267"/>
  <system-out/>
</testsuite> <!-- api.test.DDtests -->
